19:01:18 **** Incremental Build of configuration GNU ARM v7.2.1 - Debug for project ECEN2370F22_Lab2 ****
make -j16 all 
Building file: ../src/Source_Files/app.c
Building file: ../src/main.c
Invoking: GNU ARM C Compiler
arm-none-eabi-gcc -g3 -gdwarf-2 -mcpu=cortex-m4 -mthumb -std=c99 '-DEFM32PG12B500F1024GL125=1' '-DDEBUG_EFM=1' -I"C:/SiliconLabs/SimplicityStudio/v5/developer/sdks/gecko_sdk_suite/v3.2//platform/CMSIS/Include" -I"C:\Users\mattl\ECEN 2370\ECEN2370F22_Lab2\src\Header_Files" -I"C:\Users\mattl\ECEN 2370\ECEN2370F22_Lab2\src\Source_Files" -I"C:/SiliconLabs/SimplicityStudio/v5/developer/sdks/gecko_sdk_suite/v3.2//hardware/kit/common/bsp" -I"C:/SiliconLabs/SimplicityStudio/v5/developer/sdks/gecko_sdk_suite/v3.2//platform/emlib/inc" -I"C:/SiliconLabs/SimplicityStudio/v5/developer/sdks/gecko_sdk_suite/v3.2//hardware/kit/common/drivers" -I"C:/SiliconLabs/SimplicityStudio/v5/developer/sdks/gecko_sdk_suite/v3.2//platform/Device/SiliconLabs/EFM32PG12B/Include" -I"C:/SiliconLabs/SimplicityStudio/v5/developer/sdks/gecko_sdk_suite/v3.2//hardware/kit/SLSTK3402A_EFM32PG12/config" -O0 -Wall -mno-sched-prolog -fno-builtin -fomit-frame-pointer -ffunction-sections -fdata-sections -mfpu=fpv4-sp-d16 -mfloat-abi=softfp -c -fmessage-length=0 -MMD -MP -MF"src/Source_Files/app.d" -MT"src/Source_Files/app.o" -o "src/Source_Files/app.o" "../src/Source_Files/app.c"
Invoking: GNU ARM C Compiler
arm-none-eabi-gcc -g3 -gdwarf-2 -mcpu=cortex-m4 -mthumb -std=c99 '-DEFM32PG12B500F1024GL125=1' '-DDEBUG_EFM=1' -I"C:/SiliconLabs/SimplicityStudio/v5/developer/sdks/gecko_sdk_suite/v3.2//platform/CMSIS/Include" -I"C:\Users\mattl\ECEN 2370\ECEN2370F22_Lab2\src\Header_Files" -I"C:\Users\mattl\ECEN 2370\ECEN2370F22_Lab2\src\Source_Files" -I"C:/SiliconLabs/SimplicityStudio/v5/developer/sdks/gecko_sdk_suite/v3.2//hardware/kit/common/bsp" -I"C:/SiliconLabs/SimplicityStudio/v5/developer/sdks/gecko_sdk_suite/v3.2//platform/emlib/inc" -I"C:/SiliconLabs/SimplicityStudio/v5/developer/sdks/gecko_sdk_suite/v3.2//hardware/kit/common/drivers" -I"C:/SiliconLabs/SimplicityStudio/v5/developer/sdks/gecko_sdk_suite/v3.2//platform/Device/SiliconLabs/EFM32PG12B/Include" -I"C:/SiliconLabs/SimplicityStudio/v5/developer/sdks/gecko_sdk_suite/v3.2//hardware/kit/SLSTK3402A_EFM32PG12/config" -O0 -Wall -mno-sched-prolog -fno-builtin -fomit-frame-pointer -ffunction-sections -fdata-sections -mfpu=fpv4-sp-d16 -mfloat-abi=softfp -c -fmessage-length=0 -MMD -MP -MF"src/main.d" -MT"src/main.o" -o "src/main.o" "../src/main.c"
../src/Source_Files/app.c: In function 'app_check_math':
../src/Source_Files/app.c:33:25: warning: variable 'float_result' set but not used [-Wunused-but-set-variable]
   float float_variable, float_result;
                         ^~~~~~~~~~~~
../src/main.c: In function 'main':
../src/main.c:34:3: warning: implicit declaration of function 'app_check_structs_and_ptrs' [-Wimplicit-function-declaration]
   app_check_structs_and_ptrs();
   ^~~~~~~~~~~~~~~~~~~~~~~~~~
Finished building: ../src/Source_Files/app.c
 
Finished building: ../src/main.c
 
Building target: ECEN2370F22_Lab2.axf
Invoking: GNU ARM C Linker
arm-none-eabi-gcc -g3 -gdwarf-2 -mcpu=cortex-m4 -mthumb -T "ECEN2370F22_Lab2.ld" -Xlinker --gc-sections -Xlinker -Map="ECEN2370F22_Lab2.map" -mfpu=fpv4-sp-d16 -mfloat-abi=softfp --specs=nano.specs -o ECEN2370F22_Lab2.axf "./CMSIS/EFM32PG12B/startup_gcc_efm32pg12b.o" "./CMSIS/EFM32PG12B/system_efm32pg12b.o" "./emlib/em_acmp.o" "./emlib/em_adc.o" "./emlib/em_aes.o" "./emlib/em_assert.o" "./emlib/em_burtc.o" "./emlib/em_can.o" "./emlib/em_cmu.o" "./emlib/em_cmu_fpga.o" "./emlib/em_core.o" "./emlib/em_cryotimer.o" "./emlib/em_crypto.o" "./emlib/em_csen.o" "./emlib/em_dac.o" "./emlib/em_dbg.o" "./emlib/em_dma.o" "./emlib/em_ebi.o" "./emlib/em_emu.o" "./emlib/em_eusart.o" "./emlib/em_gpcrc.o" "./emlib/em_gpio.o" "./emlib/em_i2c.o" "./emlib/em_iadc.o" "./emlib/em_idac.o" "./emlib/em_lcd.o" "./emlib/em_ldma.o" "./emlib/em_lesense.o" "./emlib/em_letimer.o" "./emlib/em_leuart.o" "./emlib/em_msc.o" "./emlib/em_opamp.o" "./emlib/em_pcnt.o" "./emlib/em_pdm.o" "./emlib/em_prs.o" "./emlib/em_qspi.o" "./emlib/em_rmu.o" "./emlib/em_rtc.o" "./emlib/em_rtcc.o" "./emlib/em_se.o" "./emlib/em_system.o" "./emlib/em_timer.o" "./emlib/em_usart.o" "./emlib/em_vcmp.o" "./emlib/em_vdac.o" "./emlib/em_wdog.o" "./src/Source_Files/app.o" "./src/Source_Files/cmu.o" "./src/Source_Files/gpio.o" "./src/main.o" -Wl,--start-group -lgcc -lc -lnosys -Wl,--end-group
Finished building target: ECEN2370F22_Lab2.axf
 
Building hex file: ECEN2370F22_Lab2.hex
arm-none-eabi-objcopy -O ihex "ECEN2370F22_Lab2.axf" "ECEN2370F22_Lab2.hex"
 
Building bin file: ECEN2370F22_Lab2.bin
arm-none-eabi-objcopy -O binary "ECEN2370F22_Lab2.axf" "ECEN2370F22_Lab2.bin"
 
Building s37 file: ECEN2370F22_Lab2.s37
arm-none-eabi-objcopy -O srec "ECEN2370F22_Lab2.axf" "ECEN2370F22_Lab2.s37"
 
Running size tool
arm-none-eabi-size "ECEN2370F22_Lab2.axf" -A
ECEN2370F22_Lab2.axf  :
section              size        addr
.text                 816           0
.ARM.exidx              8         816
.data                 104   536870912
.bss                   28   536871016
.heap                3072   536871048
.stack_dummy         1024   536871048
.ARM.attributes        46           0
.comment              126           0
.debug_line          7102           0
.debug_info          3394           0
.debug_abbrev        1046           0
.debug_aranges        232           0
.debug_str        1378751           0
.debug_loc            408           0
.debug_ranges         152           0
.debug_macro       197218           0
.debug_frame          536           0
Total             1594063


 

19:01:21 Build Finished. 0 errors, 2 warnings. (took 3s.223ms)

