15:37:01 **** Incremental Build of configuration GNU ARM v7.2.1 - Debug for project MS_2370_PWM ****
make -j16 all 
Building file: ../src/Source_Files/letimer.c
Invoking: GNU ARM C Compiler
arm-none-eabi-gcc -g3 -gdwarf-2 -mcpu=cortex-m4 -mthumb -std=c99 '-DEFM32PG12B500F1024GL125=1' '-DDEBUG_EFM=1' '-DDEBUG_EFM=1' -I"C:/SiliconLabs/SimplicityStudio/v5/developer/sdks/gecko_sdk_suite/v3.2//platform/CMSIS/Include" -I"C:\Users\mattl\ECEN 2370\MS_2370_PWM\src\Header_Files" -I"C:\Users\mattl\ECEN 2370\MS_2370_PWM\src\Source_Files" -I"C:/SiliconLabs/SimplicityStudio/v5/developer/sdks/gecko_sdk_suite/v3.2//hardware/kit/common/bsp" -I"C:/SiliconLabs/SimplicityStudio/v5/developer/sdks/gecko_sdk_suite/v3.2//platform/emlib/inc" -I"C:/SiliconLabs/SimplicityStudio/v5/developer/sdks/gecko_sdk_suite/v3.2//hardware/kit/common/drivers" -I"C:/SiliconLabs/SimplicityStudio/v5/developer/sdks/gecko_sdk_suite/v3.2//platform/Device/SiliconLabs/EFM32PG12B/Include" -I"C:/SiliconLabs/SimplicityStudio/v5/developer/sdks/gecko_sdk_suite/v3.2//hardware/kit/SLSTK3402A_EFM32PG12/config" -O0 -Wall -mno-sched-prolog -fno-builtin -ffunction-sections -fdata-sections -mfpu=fpv4-sp-d16 -mfloat-abi=softfp -c -fmessage-length=0 -MMD -MP -MF"src/Source_Files/letimer.d" -MT"src/Source_Files/letimer.o" -o "src/Source_Files/letimer.o" "../src/Source_Files/letimer.c"
../src/Source_Files/letimer.c: In function 'letimer_pwm_open':
../src/Source_Files/letimer.c:119:2: warning: this 'while' clause does not guard... [-Wmisleading-indentation]
  while(letimer->SYNCBUSY);
  ^~~~~
../src/Source_Files/letimer.c:124:4: note: ...this statement, but the latter is misleadingly indented as if it were guarded by the 'while'
    period_cnt = app_letimer_struct->period*LETIMER_HZ;
    ^~~~~~~~~~
Finished building: ../src/Source_Files/letimer.c
 
Building target: MS_2370_PWM.axf
Invoking: GNU ARM C Linker
arm-none-eabi-gcc -g3 -gdwarf-2 -mcpu=cortex-m4 -mthumb -T "MS_2370_PWM.ld" -Xlinker --gc-sections -Xlinker -Map="MS_2370_PWM.map" -mfpu=fpv4-sp-d16 -mfloat-abi=softfp --specs=nano.specs -o MS_2370_PWM.axf "./CMSIS/EFM32PG12B/startup_gcc_efm32pg12b.o" "./CMSIS/EFM32PG12B/system_efm32pg12b.o" "./emlib/em_acmp.o" "./emlib/em_adc.o" "./emlib/em_aes.o" "./emlib/em_assert.o" "./emlib/em_burtc.o" "./emlib/em_can.o" "./emlib/em_cmu.o" "./emlib/em_cmu_fpga.o" "./emlib/em_core.o" "./emlib/em_cryotimer.o" "./emlib/em_crypto.o" "./emlib/em_csen.o" "./emlib/em_dac.o" "./emlib/em_dbg.o" "./emlib/em_dma.o" "./emlib/em_ebi.o" "./emlib/em_emu.o" "./emlib/em_eusart.o" "./emlib/em_gpcrc.o" "./emlib/em_gpio.o" "./emlib/em_i2c.o" "./emlib/em_iadc.o" "./emlib/em_idac.o" "./emlib/em_lcd.o" "./emlib/em_ldma.o" "./emlib/em_lesense.o" "./emlib/em_letimer.o" "./emlib/em_leuart.o" "./emlib/em_msc.o" "./emlib/em_opamp.o" "./emlib/em_pcnt.o" "./emlib/em_pdm.o" "./emlib/em_prs.o" "./emlib/em_qspi.o" "./emlib/em_rmu.o" "./emlib/em_rtc.o" "./emlib/em_rtcc.o" "./emlib/em_se.o" "./emlib/em_system.o" "./emlib/em_timer.o" "./emlib/em_usart.o" "./emlib/em_vcmp.o" "./emlib/em_vdac.o" "./emlib/em_wdog.o" "./src/Source_Files/app.o" "./src/Source_Files/cmu.o" "./src/Source_Files/gpio.o" "./src/Source_Files/letimer.o" "./src/main.o" -Wl,--start-group -lgcc -lc -lnosys -Wl,--end-group
Finished building target: MS_2370_PWM.axf
 
Building hex file: MS_2370_PWM.hex
arm-none-eabi-objcopy -O ihex "MS_2370_PWM.axf" "MS_2370_PWM.hex"
 
Building bin file: MS_2370_PWM.bin
arm-none-eabi-objcopy -O binary "MS_2370_PWM.axf" "MS_2370_PWM.bin"
 
Building s37 file: MS_2370_PWM.s37
arm-none-eabi-objcopy -O srec "MS_2370_PWM.axf" "MS_2370_PWM.s37"
 
Running size tool
arm-none-eabi-size "MS_2370_PWM.axf" -A
MS_2370_PWM.axf  :
section              size        addr
.text               12908           0
.ARM.exidx              8       12908
.data                 160   536870912
.bss                   52   536871072
.heap                3072   536871128
.stack_dummy         1024   536871128
.ARM.attributes        46           0
.comment              126           0
.debug_line         34161           0
.debug_info         41442           0
.debug_abbrev        5830           0
.debug_aranges       1824           0
.debug_str        1408704           0
.debug_loc          14610           0
.debug_ranges        1600           0
.debug_macro       207481           0
.debug_frame         7064           0
Total             1740112


 

15:37:06 Build Finished. 0 errors, 1 warnings. (took 5s.506ms)

