16:33:05 **** Incremental Build of configuration GNU ARM v7.2.1 - Release for project MS_EM_Lab ****
make -j16 all 
Building file: ../src/main.c
Invoking: GNU ARM C Compiler
arm-none-eabi-gcc -mcpu=cortex-m4 -mthumb -std=c99 '-DEFM32PG12B500F1024GL125=1' -I"C:\Users\mattl\ECEN 2370\MS_2370F22_Lab4_EM_2\src\Header_Files" -I"C:\Users\mattl\ECEN 2370\MS_2370F22_Lab4_EM_2\src\Source_Files" -I"C:\Users\mattl\ECEN 2370\MS_2370F22_Lab4_EM_2" -I"C:/SiliconLabs/SimplicityStudio/v5/developer/sdks/gecko_sdk_suite/v3.2//platform/CMSIS/Include" -I"C:/SiliconLabs/SimplicityStudio/v5/developer/sdks/gecko_sdk_suite/v3.2//hardware/kit/common/bsp" -I"C:/SiliconLabs/SimplicityStudio/v5/developer/sdks/gecko_sdk_suite/v3.2//platform/emlib/inc" -I"C:/SiliconLabs/SimplicityStudio/v5/developer/sdks/gecko_sdk_suite/v3.2//hardware/kit/common/drivers" -I"C:/SiliconLabs/SimplicityStudio/v5/developer/sdks/gecko_sdk_suite/v3.2//platform/Device/SiliconLabs/EFM32PG12B/Include" -I"C:/SiliconLabs/SimplicityStudio/v5/developer/sdks/gecko_sdk_suite/v3.2//hardware/kit/SLSTK3402A_EFM32PG12/config" -O2 -Wall -ffunction-sections -fdata-sections -mfpu=fpv4-sp-d16 -mfloat-abi=softfp -c -fmessage-length=0 -MMD -MP -MF"src/main.d" -MT"src/main.o" -o "src/main.o" "../src/main.c"
Finished building: ../src/main.c
 
Building target: MS_EM_Lab.axf
Invoking: GNU ARM C Linker
arm-none-eabi-gcc -mcpu=cortex-m4 -mthumb -T "MS_EM_Lab.ld" -Xlinker --gc-sections -Xlinker -Map="MS_EM_Lab.map" -mfpu=fpv4-sp-d16 -mfloat-abi=softfp --specs=nano.specs -o MS_EM_Lab.axf "./CMSIS/EFM32PG12B/startup_gcc_efm32pg12b.o" "./CMSIS/EFM32PG12B/system_efm32pg12b.o" "./emlib/em_acmp.o" "./emlib/em_adc.o" "./emlib/em_aes.o" "./emlib/em_assert.o" "./emlib/em_burtc.o" "./emlib/em_can.o" "./emlib/em_cmu.o" "./emlib/em_cmu_fpga.o" "./emlib/em_core.o" "./emlib/em_cryotimer.o" "./emlib/em_crypto.o" "./emlib/em_csen.o" "./emlib/em_dac.o" "./emlib/em_dbg.o" "./emlib/em_dma.o" "./emlib/em_ebi.o" "./emlib/em_emu.o" "./emlib/em_eusart.o" "./emlib/em_gpcrc.o" "./emlib/em_gpio.o" "./emlib/em_i2c.o" "./emlib/em_iadc.o" "./emlib/em_idac.o" "./emlib/em_lcd.o" "./emlib/em_ldma.o" "./emlib/em_lesense.o" "./emlib/em_letimer.o" "./emlib/em_leuart.o" "./emlib/em_msc.o" "./emlib/em_opamp.o" "./emlib/em_pcnt.o" "./emlib/em_pdm.o" "./emlib/em_prs.o" "./emlib/em_qspi.o" "./emlib/em_rmu.o" "./emlib/em_rtc.o" "./emlib/em_rtcc.o" "./emlib/em_se.o" "./emlib/em_system.o" "./emlib/em_timer.o" "./emlib/em_usart.o" "./emlib/em_vcmp.o" "./emlib/em_vdac.o" "./emlib/em_wdog.o" "./src/Source_Files/app.o" "./src/Source_Files/cmu.o" "./src/Source_Files/gpio.o" "./src/Source_Files/letimer.o" "./src/Source_Files/scheduler.o" "./src/Source_Files/sleep_routines.o" "./src/main.o" -Wl,--start-group -lgcc -lc -lnosys -Wl,--end-group
Finished building target: MS_EM_Lab.axf
 
Building hex file: MS_EM_Lab.hex
arm-none-eabi-objcopy -O ihex "MS_EM_Lab.axf" "MS_EM_Lab.hex"
 
Building bin file: MS_EM_Lab.bin
arm-none-eabi-objcopy -O binary "MS_EM_Lab.axf" "MS_EM_Lab.bin"
 
Building s37 file: MS_EM_Lab.s37
arm-none-eabi-objcopy -O srec "MS_EM_Lab.axf" "MS_EM_Lab.s37"
 
Running size tool
arm-none-eabi-size "MS_EM_Lab.axf" -A
MS_EM_Lab.axf  :
section            size        addr
.text              7332           0
.ARM.exidx            8        7332
.data               140   536870912
.bss                 84   536871052
.heap              3072   536871136
.stack_dummy       1024   536871136
.ARM.attributes      46           0
.comment            126           0
.debug_frame        148           0
Total             11980


 

16:33:07 Build Finished. 0 errors, 0 warnings. (took 1s.660ms)

